Arguments: 
  C:\Program Files\nodejs\node.exe C:\Users\medoa\AppData\Roaming\npm\node_modules\yarn\bin\yarn.js add vue-ssr-carousel

PATH: 
  C:\Program Files\Amazon Corretto\jdk11.0.19_7\bin;C:\Program Files (x86)\VMware\VMware Workstation\bin\;C:\Program Files\VanDyke Software\Clients\;C:\Program Files\Eclipse Adoptium\jdk-17.0.2.8-hotspot\bin;C:\Program Files\Common Files\Oracle\Java\javapath;C:\Program Files (x86)\Common Files\Oracle\Java\javapath;C:\WINDOWS\system32;C:\WINDOWS;C:\WINDOWS\System32\Wbem;C:\WINDOWS\System32\WindowsPowerShell\v1.0\;C:\WINDOWS\System32\OpenSSH\;C:\Program Files\dotnet\;C:\Program Files\Microsoft SQL Server\Client SDK\ODBC\170\Tools\Binn\;C:\Program Files (x86)\Microsoft SQL Server\150\Tools\Binn\;C:\Program Files\Microsoft SQL Server\150\Tools\Binn\;C:\Program Files\Microsoft SQL Server\150\DTS\Binn\;C:\Program Files (x86)\Microsoft SQL Server\150\DTS\Binn\;C:\Program Files\Azure Data Studio\bin;C:\Program Files\Java\jre1.8.0_311\bin;C:\Users\medoa\AppData\Local\Programs\Python\Python310;C:\Program Files\Microsoft SQL Server\130\Tools\Binn\;C:\Windows\System32;C:\Program Files\Microsoft\Web Platform Installer\;C:\Program Files (x86)\Microsoft ASP.NET\ASP.NET Web Pages\v1.0\;C:\Program Files\Microsoft SQL Server\110\Tools\Binn\;C:\Users\medoa\AppData\Local\Programs\Python\Python310\Scripts;C:\src\flutter\bin;E:\CMP2024\matsetup\runtime\win64;E:\CMP2024\matsetup\bin;E:\CMP2024\matsetup\polyspace\bin;C:\Program Files\Git\cmd;E:\CMP2024\ITI embeded sysytem\tools\02- Toolchains\mingw64\bin;C:\Program Files\nodejs\;C:\Program Files\PostgreSQL\15\bin\;C:\ProgramData\chocolatey\bin;C:\HashiCorp\Vagrant\bin;C:\ProgramData\chocolatey\lib\maven\apache-maven-3.9.3\bin;C:\Program Files\Amazon\AWSCLIV2\;C:\Program Files (x86)\Microsoft SQL Server\160\DTS\Binn\;C:\Users\medoa\AppData\Local\Microsoft\WindowsApps;C:\Users\medoa\.dotnet\tools;C:\Users\medoa\AppData\Local\Programs\Microsoft VS Code\bin;C:\Users\medoa\AppData\Local\atom\bin;C:\Program Files\Azure Data Studio\bin;C:\MinGW\bin;;C:\Program Files\JetBrains\IntelliJ IDEA 2022.1\bin;;C:\Users\medoa\AppData\Roaming\npm;C:\Users\medoa\AppData\Local\Microsoft\WindowsApps;C:\Users\medoa\.dotnet\tools

Yarn version: 
  1.22.19

Node version: 
  16.17.0

Platform: 
  win32 x64

Trace: 
  Error: EPERM: operation not permitted, unlink 'E:\CMP2024\Nuxt_JS\projects\Apple-Web-Site\node_modules\@esbuild\win32-x64\esbuild.exe'

npm manifest: 
  {
    "name": "nuxt-app",
    "private": true,
    "scripts": {
      "build": "nuxt build",
      "dev": "nuxt dev",
      "generate": "nuxt generate",
      "preview": "nuxt preview",
      "postinstall": "nuxt prepare"
    },
    "devDependencies": {
      "@nuxt/devtools": "latest",
      "@nuxtjs/tailwindcss": "^6.8.0",
      "@types/node": "^18.17.1",
      "nuxt": "^3.6.5"
    },
    "dependencies": {
      "@fortawesome/fontawesome-svg-core": "^6.4.2",
      "@fortawesome/free-brands-svg-icons": "^6.4.2",
      "@fortawesome/free-solid-svg-icons": "^6.4.2",
      "@fortawesome/vue-fontawesome": "^3.0.3",
      "@nuxtjs/fontawesome": "^1.1.2",
      "yarn": "^1.22.19"
    }
  }

yarn manifest: 
  No manifest

Lockfile: 
  No lockfile
